Arguments: 
  C:\Program Files\nodejs\node.exe C:\Users\yahay\AppData\Roaming\npm\node_modules\yarn\bin\yarn.js add axios@0.21.1

PATH: 
  C:\WINDOWS\system32;C:\WINDOWS;C:\WINDOWS\System32\Wbem;C:\WINDOWS\System32\WindowsPowerShell\v1.0\;C:\WINDOWS\System32\OpenSSH\;C:\Program Files\Git\cmd;C:\Users\yahay\Downloads\python310;C:\flutter\bin;C:\Program Files\nodejs\;C:\ProgramData\chocolatey\bin;C:\Users\yahay\AppData\Local\Programs\Python\Python310\Scripts\;C:\Users\yahay\AppData\Local\Programs\Python\Python310\;C:\Users\yahay\AppData\Local\Microsoft\WindowsApps;C:\Users\yahay\AppData\Local\Programs\Microsoft VS Code\bin;C:\Program Files (x86)\python39;C:\Users\yahay\Downloads\python310;C:\Program Files\JetBrains\PyCharm 2021.2.3\bin;;C:\Program Files\JetBrains\PyCharm Community Edition 2021.2.3\bin;;C:\flutter\bin;C:\Users\yahay\AppData\Roaming\npm

Yarn version: 
  1.22.17

Node version: 
  16.13.0

Platform: 
  win32 x64

Trace: 
  Error: getaddrinfo ENOTFOUND registry.yarnpkg.com
      at GetAddrInfoReqWrap.onlookup [as oncomplete] (node:dns:71:26)

npm manifest: 
  {
    "name": "client",
    "proxy": "http://localhost:5000",
    "version": "0.1.0",
    "private": true,
    "dependencies": {
      "@testing-library/jest-dom": "^5.11.9",
      "@testing-library/react": "^11.2.3",
      "@testing-library/user-event": "^12.6.2",
  
      "moment": "^2.29.1",
      "peerjs": "^1.3.2",
      "react": "^17.0.1",
      "react-dom": "^17.0.1",
      "react-redux": "^7.2.2",
      "react-router-dom": "^5.2.0",
      "react-scripts": "4.0.1",
      "react-share": "^4.3.1",
      "redux": "^4.0.5",
      "redux-devtools-extension": "^2.13.8",
      "redux-thunk": "^2.3.0",
      "socket.io-client": "^3.1.2",
      "web-vitals": "^0.2.4"
    },
    "scripts": {
      "start": "react-scripts start",
      "build": "react-scripts build",
      "test": "react-scripts test",
      "eject": "react-scripts eject"
    },
    "eslintConfig": {
      "extends": [
        "react-app",
        "react-app/jest"
      ]
    },
    "browserslist": {
      "production": [
        ">0.2%",
        "not dead",
        "not op_mini all"
      ],
      "development": [
        "last 1 chrome version",
        "last 1 firefox version",
        "last 1 safari version"
      ]
    },
    "main": "index.js",
    "author": "Yahayasm",
    "license": "MIT",
    "description": ""
  }

yarn manifest: 
  No manifest

Lockfile: 
  No lockfile
